d:\py_project\smile2unlock_cp\cpp\samplev2.98e74d71\x64\debug\vc143.pdb
d:\py_project\smile2unlock_cp\cpp\samplev2.98e74d71\x64\debug\vc143.idb
d:\py_project\smile2unlock_cp\cpp\samplev2.98e74d71\x64\debug\helpers.obj
d:\py_project\smile2unlock_cp\cpp\samplev2.98e74d71\x64\debug\guid.obj
d:\py_project\smile2unlock_cp\cpp\samplev2.98e74d71\x64\debug\dll.obj
d:\py_project\smile2unlock_cp\cpp\samplev2.98e74d71\x64\debug\csampleprovider.obj
d:\py_project\smile2unlock_cp\cpp\samplev2.98e74d71\x64\debug\csamplecredential.obj
d:\py_project\smile2unlock_cp\cpp\samplev2.98e74d71\x64\debug\resources.res
d:\py_project\smile2unlock_cp\cpp\x64\debug\samplev2credentialprovider.pdb
d:\py_project\smile2unlock_cp\cpp\samplev2.98e74d71\x64\debug\samplev2.98e74d71.tlog\cl.command.1.tlog
d:\py_project\smile2unlock_cp\cpp\samplev2.98e74d71\x64\debug\samplev2.98e74d71.tlog\cl.read.1.tlog
d:\py_project\smile2unlock_cp\cpp\samplev2.98e74d71\x64\debug\samplev2.98e74d71.tlog\cl.write.1.tlog
d:\py_project\smile2unlock_cp\cpp\samplev2.98e74d71\x64\debug\samplev2.98e74d71.tlog\link-cvtres.read.1.tlog
d:\py_project\smile2unlock_cp\cpp\samplev2.98e74d71\x64\debug\samplev2.98e74d71.tlog\link-cvtres.write.1.tlog
d:\py_project\smile2unlock_cp\cpp\samplev2.98e74d71\x64\debug\samplev2.98e74d71.tlog\link-rc.read.1.tlog
d:\py_project\smile2unlock_cp\cpp\samplev2.98e74d71\x64\debug\samplev2.98e74d71.tlog\link-rc.write.1.tlog
d:\py_project\smile2unlock_cp\cpp\samplev2.98e74d71\x64\debug\samplev2.98e74d71.tlog\link.command.1.tlog
d:\py_project\smile2unlock_cp\cpp\samplev2.98e74d71\x64\debug\samplev2.98e74d71.tlog\link.read.1.tlog
d:\py_project\smile2unlock_cp\cpp\samplev2.98e74d71\x64\debug\samplev2.98e74d71.tlog\link.read.2.tlog
d:\py_project\smile2unlock_cp\cpp\samplev2.98e74d71\x64\debug\samplev2.98e74d71.tlog\link.read.3.tlog
d:\py_project\smile2unlock_cp\cpp\samplev2.98e74d71\x64\debug\samplev2.98e74d71.tlog\link.read.4.tlog
d:\py_project\smile2unlock_cp\cpp\samplev2.98e74d71\x64\debug\samplev2.98e74d71.tlog\link.write.1.tlog
d:\py_project\smile2unlock_cp\cpp\samplev2.98e74d71\x64\debug\samplev2.98e74d71.tlog\rc.command.1.tlog
d:\py_project\smile2unlock_cp\cpp\samplev2.98e74d71\x64\debug\samplev2.98e74d71.tlog\rc.read.1.tlog
d:\py_project\smile2unlock_cp\cpp\samplev2.98e74d71\x64\debug\samplev2.98e74d71.tlog\rc.write.1.tlog
