d:\py_project\smile2unlock_cp\cpp\samplev2.98e74d71\x64\release\vc143.pdb
d:\py_project\smile2unlock_cp\cpp\samplev2.98e74d71\x64\release\helpers.obj
d:\py_project\smile2unlock_cp\cpp\samplev2.98e74d71\x64\release\guid.obj
d:\py_project\smile2unlock_cp\cpp\samplev2.98e74d71\x64\release\dll.obj
d:\py_project\smile2unlock_cp\cpp\samplev2.98e74d71\x64\release\csampleprovider.obj
d:\py_project\smile2unlock_cp\cpp\samplev2.98e74d71\x64\release\csamplecredential.obj
d:\py_project\smile2unlock_cp\cpp\x64\release\samplev2credentialprovider.dll
d:\py_project\smile2unlock_cp\cpp\x64\release\samplev2credentialprovider.pdb
d:\py_project\smile2unlock_cp\cpp\x64\release\samplev2credentialprovider.lib
d:\py_project\smile2unlock_cp\cpp\x64\release\samplev2credentialprovider.exp
d:\py_project\smile2unlock_cp\cpp\samplev2.98e74d71\x64\release\samplev2credentialprovider.ipdb
d:\py_project\smile2unlock_cp\cpp\samplev2.98e74d71\x64\release\samplev2credentialprovider.iobj
d:\py_project\smile2unlock_cp\cpp\samplev2.98e74d71\x64\release\samplev2.98e74d71.tlog\cl.command.1.tlog
d:\py_project\smile2unlock_cp\cpp\samplev2.98e74d71\x64\release\samplev2.98e74d71.tlog\cl.items.tlog
d:\py_project\smile2unlock_cp\cpp\samplev2.98e74d71\x64\release\samplev2.98e74d71.tlog\cl.read.1.tlog
d:\py_project\smile2unlock_cp\cpp\samplev2.98e74d71\x64\release\samplev2.98e74d71.tlog\cl.write.1.tlog
d:\py_project\smile2unlock_cp\cpp\samplev2.98e74d71\x64\release\samplev2.98e74d71.tlog\link.command.1.tlog
d:\py_project\smile2unlock_cp\cpp\samplev2.98e74d71\x64\release\samplev2.98e74d71.tlog\link.read.1.tlog
d:\py_project\smile2unlock_cp\cpp\samplev2.98e74d71\x64\release\samplev2.98e74d71.tlog\link.secondary.1.tlog
d:\py_project\smile2unlock_cp\cpp\samplev2.98e74d71\x64\release\samplev2.98e74d71.tlog\link.write.1.tlog
